mod	trans_guid	split_guid	time_now	date_entered	date_posted	acc_guid	acc_name	num	description	notes	memo	action	reconciled	amount	value	date_reconciled
-----------------
===== START
D	c4599f263742bda72c2da5c06ab46655	9c72bc9f65c632f932ea27c243fcc0ba	2018-02-20 21:58:39.000000 +0530	2018-02-20 21:58:39.000000 +0530	2018-02-20 16:29:00.000000 +0530								n	0/1	0/100	1970-01-01 05:30:00.000000 +0530
===== END
===== START
===== END
===== START
D	b858b18ef02ed40de256233ba0068812	c0790b9a68339b6ccd4b71ada019a021	2018-02-20 21:58:47.000000 +0530	2018-02-20 21:58:47.000000 +0530	2018-02-20 16:29:00.000000 +0530								n	0/1	0/100	1970-01-01 05:30:00.000000 +0530
===== END
===== START
===== END
===== START
D	349bd7301cdc28858cc3b0cbf457a96c	48dbf616ecfab9d1541df386962dd812	2018-02-20 21:58:53.000000 +0530	2018-02-20 21:58:53.000000 +0530	2018-02-20 16:29:00.000000 +0530								n	0/1	0/100	1970-01-01 05:30:00.000000 +0530
===== END
===== START
===== END
===== START
D	07051bd2197f20a6a04d24da0112c2e5	68e1717ba1722fb1b49ba56e619781c2	2018-02-20 21:58:57.000000 +0530	2018-02-20 21:58:57.000000 +0530	2018-02-20 16:29:00.000000 +0530								n	0/1	0/100	1970-01-01 05:30:00.000000 +0530
===== END
===== START
===== END
===== START
B	8eea8dd985068fe4b002c6157588b65a	c9a6686ca249d5f7519f26dab0239d36	2018-02-20 22:00:34.000000 +0530	2018-02-20 21:36:16.000000 +0530	2018-02-20 16:29:00.000000 +0530	0da9996ada87c70320b8596383bf6fa1	Checking		Starting Balance				n	100000/100	100000/100	1970-01-01 05:30:00.000000 +0530
B	8eea8dd985068fe4b002c6157588b65a	217fc5be1fe44b57cd41061c8cbcc017	2018-02-20 22:00:34.000000 +0530	2018-02-20 21:36:16.000000 +0530	2018-02-20 16:29:00.000000 +0530	871bd7ae8f67031a7260db2a34187557	Opening Balance		Starting Balance				n	-100000/100	-100000/100	1970-01-01 05:30:00.000000 +0530
===== END
===== START
C	8eea8dd985068fe4b002c6157588b65a	c9a6686ca249d5f7519f26dab0239d36	2018-02-20 22:00:34.000000 +0530	2018-02-20 21:36:16.000000 +0530	2018-02-20 16:29:00.000000 +0530	0da9996ada87c70320b8596383bf6fa1	Checking		Starting Balance				n	100000/100	100000/100	1970-01-01 05:30:00.000000 +0530
C	8eea8dd985068fe4b002c6157588b65a	217fc5be1fe44b57cd41061c8cbcc017	2018-02-20 22:00:34.000000 +0530	2018-02-20 21:36:16.000000 +0530	2018-02-20 16:29:00.000000 +0530	871bd7ae8f67031a7260db2a34187557	Opening Balance		Starting Balance				n	-100000/100	-100000/100	1970-01-01 05:30:00.000000 +0530
===== END
===== START
B	de9c3771135259ebd11b909e63ab66d0	f53cc77846eb4d15a7951f5e344653e4	2018-02-20 22:00:34.000000 +0530	2018-02-20 21:49:05.000000 +0530	2018-02-20 16:29:00.000000 +0530	0da9996ada87c70320b8596383bf6fa1	Checking		Transfer to checking				n	10000/100	10000/100	1970-01-01 05:30:00.000000 +0530
B	de9c3771135259ebd11b909e63ab66d0	bfd95b5bab3b2387c6fc198006274d24	2018-02-20 22:00:34.000000 +0530	2018-02-20 21:49:05.000000 +0530	2018-02-20 16:29:00.000000 +0530	74da22df9801d010e86731d7d2d872a5	Savings		Transfer to checking				n	-10000/100	-10000/100	1970-01-01 05:30:00.000000 +0530
===== END
===== START
C	de9c3771135259ebd11b909e63ab66d0	f53cc77846eb4d15a7951f5e344653e4	2018-02-20 22:00:34.000000 +0530	2018-02-20 21:49:05.000000 +0530	2018-02-20 16:29:00.000000 +0530	0da9996ada87c70320b8596383bf6fa1	Checking		Transfer to checking				n	10000/100	10000/100	1970-01-01 05:30:00.000000 +0530
C	de9c3771135259ebd11b909e63ab66d0	bfd95b5bab3b2387c6fc198006274d24	2018-02-20 22:00:34.000000 +0530	2018-02-20 21:49:05.000000 +0530	2018-02-20 16:29:00.000000 +0530	74da22df9801d010e86731d7d2d872a5	Savings		Transfer to checking				n	-10000/100	-10000/100	1970-01-01 05:30:00.000000 +0530
===== END
===== START
B	83d3ff5f05682351e15447e08b39db38	2c174f74fbd2d816bc7d27591dc991b5	2018-02-20 22:00:34.000000 +0530	2018-02-20 21:50:50.000000 +0530	2018-02-20 16:29:00.000000 +0530	833cdad779e9eb335d9c236f631b0b09	Groceries		Grooceries				n	4521/100	4521/100	1970-01-01 05:30:00.000000 +0530
B	83d3ff5f05682351e15447e08b39db38	baf2469fc96ac2eab2f334471e1564aa	2018-02-20 22:00:34.000000 +0530	2018-02-20 21:50:50.000000 +0530	2018-02-20 16:29:00.000000 +0530	0da9996ada87c70320b8596383bf6fa1	Checking		Grooceries				n	-4521/100	-4521/100	1970-01-01 05:30:00.000000 +0530
===== END
===== START
C	83d3ff5f05682351e15447e08b39db38	2c174f74fbd2d816bc7d27591dc991b5	2018-02-20 22:00:34.000000 +0530	2018-02-20 21:50:50.000000 +0530	2018-02-20 16:29:00.000000 +0530	833cdad779e9eb335d9c236f631b0b09	Groceries		Grooceries				n	4521/100	4521/100	1970-01-01 05:30:00.000000 +0530
C	83d3ff5f05682351e15447e08b39db38	baf2469fc96ac2eab2f334471e1564aa	2018-02-20 22:00:34.000000 +0530	2018-02-20 21:50:50.000000 +0530	2018-02-20 16:29:00.000000 +0530	0da9996ada87c70320b8596383bf6fa1	Checking		Grooceries				n	-4521/100	-4521/100	1970-01-01 05:30:00.000000 +0530
===== END
===== START
B	f9403d785f2a02cc5544573ab3cf35c4	28414cff0374e3d709deedcf4621d99c	2018-02-20 22:00:34.000000 +0530	2018-02-20 21:55:44.000000 +0530	2018-02-20 16:29:00.000000 +0530	0da9996ada87c70320b8596383bf6fa1	Checking		Employee R US				n	100000/100	100000/100	1970-01-01 05:30:00.000000 +0530
B	f9403d785f2a02cc5544573ab3cf35c4	728b523eb81a094ec1f8ccfae0e9fb60	2018-02-20 22:00:34.000000 +0530	2018-02-20 21:55:44.000000 +0530	2018-02-20 16:29:00.000000 +0530	39c8f94ef2c073e6e1272c669aa75237	Salary		Employee R US				n	-100000/100	-100000/100	1970-01-01 05:30:00.000000 +0530
===== END
===== START
C	f9403d785f2a02cc5544573ab3cf35c4	28414cff0374e3d709deedcf4621d99c	2018-02-20 22:00:34.000000 +0530	2018-02-20 21:55:44.000000 +0530	2018-02-20 16:29:00.000000 +0530	0da9996ada87c70320b8596383bf6fa1	Checking		Employee R US				n	100000/100	100000/100	1970-01-01 05:30:00.000000 +0530
C	f9403d785f2a02cc5544573ab3cf35c4	728b523eb81a094ec1f8ccfae0e9fb60	2018-02-20 22:00:34.000000 +0530	2018-02-20 21:55:44.000000 +0530	2018-02-20 16:29:00.000000 +0530	39c8f94ef2c073e6e1272c669aa75237	Salary		Employee R US				n	-100000/100	-100000/100	1970-01-01 05:30:00.000000 +0530
===== END
===== START
B	2591cb1f8740527cfa61f10d58a0d397	fda4f9ddc22f84e1b9461bd4e3171c9e	2018-02-20 22:00:34.000000 +0530	2018-02-20 21:56:38.000000 +0530	2018-02-20 16:29:00.000000 +0530	283827e47dc1b518361fdae6e049561b	Maintenance		Internet				n	2000/100	2000/100	1970-01-01 05:30:00.000000 +0530
B	2591cb1f8740527cfa61f10d58a0d397	8aa273f9c84330fa6b501b6fab92f39f	2018-02-20 22:00:34.000000 +0530	2018-02-20 21:56:38.000000 +0530	2018-02-20 16:29:00.000000 +0530	0da9996ada87c70320b8596383bf6fa1	Checking		Internet				n	-2000/100	-2000/100	1970-01-01 05:30:00.000000 +0530
===== END
===== START
C	2591cb1f8740527cfa61f10d58a0d397	fda4f9ddc22f84e1b9461bd4e3171c9e	2018-02-20 22:00:34.000000 +0530	2018-02-20 21:56:38.000000 +0530	2018-02-20 16:29:00.000000 +0530	283827e47dc1b518361fdae6e049561b	Maintenance		Internet				n	2000/100	2000/100	1970-01-01 05:30:00.000000 +0530
C	2591cb1f8740527cfa61f10d58a0d397	8aa273f9c84330fa6b501b6fab92f39f	2018-02-20 22:00:34.000000 +0530	2018-02-20 21:56:38.000000 +0530	2018-02-20 16:29:00.000000 +0530	0da9996ada87c70320b8596383bf6fa1	Checking		Internet				n	-2000/100	-2000/100	1970-01-01 05:30:00.000000 +0530
===== END
===== START
B	bc9f545c1def76580aabe06f1dbae709	15e75e0d9041a07306d8145a1a9abfe3	2018-02-20 22:00:34.000000 +0530	2018-02-20 21:41:59.000000 +0530	2018-02-20 16:29:00.000000 +0530	e29af0e571f1ba90f3f159ee8578f38d	Electricity	102	Light Company				n	7800/100	7800/100	1970-01-01 05:30:00.000000 +0530
B	bc9f545c1def76580aabe06f1dbae709	27532ab8eb7804375dd303a0d2c1d1de	2018-02-20 22:00:34.000000 +0530	2018-02-20 21:41:59.000000 +0530	2018-02-20 16:29:00.000000 +0530	0da9996ada87c70320b8596383bf6fa1	Checking	102	Light Company				n	-7800/100	-7800/100	1970-01-01 05:30:00.000000 +0530
===== END
===== START
C	bc9f545c1def76580aabe06f1dbae709	15e75e0d9041a07306d8145a1a9abfe3	2018-02-20 22:00:34.000000 +0530	2018-02-20 21:41:59.000000 +0530	2018-02-20 16:29:00.000000 +0530	e29af0e571f1ba90f3f159ee8578f38d	Electricity	102	Light Company				n	7800/100	7800/100	1970-01-01 05:30:00.000000 +0530
C	bc9f545c1def76580aabe06f1dbae709	27532ab8eb7804375dd303a0d2c1d1de	2018-02-20 22:00:34.000000 +0530	2018-02-20 21:41:59.000000 +0530	2018-02-20 16:29:00.000000 +0530	0da9996ada87c70320b8596383bf6fa1	Checking	102	Light Company				n	-7800/100	-7800/100	1970-01-01 05:30:00.000000 +0530
===== END
===== START
B	c21a374a5f5e730203e6e47c0545eadc	83305ba4f125ba53233db852c3121a9f	2018-02-20 22:00:34.000000 +0530	2018-02-20 21:42:56.000000 +0530	2018-02-20 16:29:00.000000 +0530	0a5f547cb4236a314d46c1ef288ecdaf	Phone	103	Phone Company Name				n	4500/100	4500/100	1970-01-01 05:30:00.000000 +0530
B	c21a374a5f5e730203e6e47c0545eadc	df6b4294b783ac5a6c1d9139ce503d87	2018-02-20 22:00:34.000000 +0530	2018-02-20 21:42:56.000000 +0530	2018-02-20 16:29:00.000000 +0530	0da9996ada87c70320b8596383bf6fa1	Checking	103	Phone Company Name				n	-4500/100	-4500/100	1970-01-01 05:30:00.000000 +0530
===== END
===== START
C	c21a374a5f5e730203e6e47c0545eadc	83305ba4f125ba53233db852c3121a9f	2018-02-20 22:00:34.000000 +0530	2018-02-20 21:42:56.000000 +0530	2018-02-20 16:29:00.000000 +0530	0a5f547cb4236a314d46c1ef288ecdaf	Phone	103	Phone Company Name				n	4500/100	4500/100	1970-01-01 05:30:00.000000 +0530
C	c21a374a5f5e730203e6e47c0545eadc	df6b4294b783ac5a6c1d9139ce503d87	2018-02-20 22:00:34.000000 +0530	2018-02-20 21:42:56.000000 +0530	2018-02-20 16:29:00.000000 +0530	0da9996ada87c70320b8596383bf6fa1	Checking	103	Phone Company Name				n	-4500/100	-4500/100	1970-01-01 05:30:00.000000 +0530
===== END
===== START
B	1af5e89aa2df2a803b8715590afdacda	53820bb72d10d91919f94af749c69b48	2018-02-20 22:00:34.000000 +0530	2018-02-20 21:45:25.000000 +0530	2018-02-20 16:29:00.000000 +0530	c1633c079db1edebd14c70123c18f4de	Rent	104	Feb Rent				n	35000/100	35000/100	1970-01-01 05:30:00.000000 +0530
B	1af5e89aa2df2a803b8715590afdacda	460da19df46f8ce95e1b5788ffe0013e	2018-02-20 22:00:34.000000 +0530	2018-02-20 21:45:25.000000 +0530	2018-02-20 16:29:00.000000 +0530	0da9996ada87c70320b8596383bf6fa1	Checking	104	Feb Rent				n	-35000/100	-35000/100	1970-01-01 05:30:00.000000 +0530
===== END
===== START
C	1af5e89aa2df2a803b8715590afdacda	53820bb72d10d91919f94af749c69b48	2018-02-20 22:00:34.000000 +0530	2018-02-20 21:45:25.000000 +0530	2018-02-20 16:29:00.000000 +0530	c1633c079db1edebd14c70123c18f4de	Rent	104	Feb Rent				n	35000/100	35000/100	1970-01-01 05:30:00.000000 +0530
C	1af5e89aa2df2a803b8715590afdacda	460da19df46f8ce95e1b5788ffe0013e	2018-02-20 22:00:34.000000 +0530	2018-02-20 21:45:25.000000 +0530	2018-02-20 16:29:00.000000 +0530	0da9996ada87c70320b8596383bf6fa1	Checking	104	Feb Rent				n	-35000/100	-35000/100	1970-01-01 05:30:00.000000 +0530
===== END
===== START
B	f59515a8d014d00cca10e77431e03690	005a7926c821c2b9983f3074a03653d5	2018-02-20 22:00:34.000000 +0530	2018-02-20 21:46:40.000000 +0530	2018-03-20 16:29:00.000000 +0530	c1633c079db1edebd14c70123c18f4de	Rent	106	March Rent				n	35000/100	35000/100	1970-01-01 05:30:00.000000 +0530
B	f59515a8d014d00cca10e77431e03690	f1ed6454a7a678876a994b6e90785e04	2018-02-20 22:00:34.000000 +0530	2018-02-20 21:46:40.000000 +0530	2018-03-20 16:29:00.000000 +0530	0da9996ada87c70320b8596383bf6fa1	Checking	106	March Rent				n	-35000/100	-35000/100	1970-01-01 05:30:00.000000 +0530
===== END
===== START
C	f59515a8d014d00cca10e77431e03690	005a7926c821c2b9983f3074a03653d5	2018-02-20 22:00:34.000000 +0530	2018-02-20 21:46:40.000000 +0530	2018-03-20 16:29:00.000000 +0530	c1633c079db1edebd14c70123c18f4de	Rent	106	March Rent				n	35000/100	35000/100	1970-01-01 05:30:00.000000 +0530
C	f59515a8d014d00cca10e77431e03690	f1ed6454a7a678876a994b6e90785e04	2018-02-20 22:00:34.000000 +0530	2018-02-20 21:46:40.000000 +0530	2018-03-20 16:29:00.000000 +0530	0da9996ada87c70320b8596383bf6fa1	Checking	106	March Rent				n	-35000/100	-35000/100	1970-01-01 05:30:00.000000 +0530
===== END
===== START
B	4210b6472927d12e176b95b0b95a62b7	0417e6a64deaba23776fdec4fe724813	2018-02-20 22:00:34.000000 +0530	2018-02-20 21:35:33.000000 +0530	2018-02-20 16:29:00.000000 +0530	74da22df9801d010e86731d7d2d872a5	Savings		Starting Balance				n	100000/100	100000/100	1970-01-01 05:30:00.000000 +0530
B	4210b6472927d12e176b95b0b95a62b7	dd5c1586b13bed717aa383f93ce9bc17	2018-02-20 22:00:34.000000 +0530	2018-02-20 21:35:33.000000 +0530	2018-02-20 16:29:00.000000 +0530	871bd7ae8f67031a7260db2a34187557	Opening Balance		Starting Balance				n	-100000/100	-100000/100	1970-01-01 05:30:00.000000 +0530
===== END
===== START
C	4210b6472927d12e176b95b0b95a62b7	0417e6a64deaba23776fdec4fe724813	2018-02-20 22:00:34.000000 +0530	2018-02-20 21:35:33.000000 +0530	2018-02-20 16:29:00.000000 +0530	74da22df9801d010e86731d7d2d872a5	Savings		Starting Balance				n	100000/100	100000/100	1970-01-01 05:30:00.000000 +0530
C	4210b6472927d12e176b95b0b95a62b7	dd5c1586b13bed717aa383f93ce9bc17	2018-02-20 22:00:34.000000 +0530	2018-02-20 21:35:33.000000 +0530	2018-02-20 16:29:00.000000 +0530	871bd7ae8f67031a7260db2a34187557	Opening Balance		Starting Balance				n	-100000/100	-100000/100	1970-01-01 05:30:00.000000 +0530
===== END
===== START
B	de9c3771135259ebd11b909e63ab66d0	f53cc77846eb4d15a7951f5e344653e4	2018-02-20 22:00:34.000000 +0530	2018-02-20 21:49:05.000000 +0530	2018-02-20 16:29:00.000000 +0530	0da9996ada87c70320b8596383bf6fa1	Checking		Transfer to checking				n	10000/100	10000/100	1970-01-01 05:30:00.000000 +0530
B	de9c3771135259ebd11b909e63ab66d0	bfd95b5bab3b2387c6fc198006274d24	2018-02-20 22:00:34.000000 +0530	2018-02-20 21:49:05.000000 +0530	2018-02-20 16:29:00.000000 +0530	74da22df9801d010e86731d7d2d872a5	Savings		Transfer to checking				n	-10000/100	-10000/100	1970-01-01 05:30:00.000000 +0530
===== END
===== START
C	de9c3771135259ebd11b909e63ab66d0	f53cc77846eb4d15a7951f5e344653e4	2018-02-20 22:00:34.000000 +0530	2018-02-20 21:49:05.000000 +0530	2018-02-20 16:29:00.000000 +0530	0da9996ada87c70320b8596383bf6fa1	Checking		Transfer to checking				n	10000/100	10000/100	1970-01-01 05:30:00.000000 +0530
C	de9c3771135259ebd11b909e63ab66d0	bfd95b5bab3b2387c6fc198006274d24	2018-02-20 22:00:34.000000 +0530	2018-02-20 21:49:05.000000 +0530	2018-02-20 16:29:00.000000 +0530	74da22df9801d010e86731d7d2d872a5	Savings		Transfer to checking				n	-10000/100	-10000/100	1970-01-01 05:30:00.000000 +0530
===== END
===== START
B	8fe7972c7506546836e3fba4b688fbae	8bb49e4c7445b6d810b65a06ab99995e	2018-02-20 22:00:34.000000 +0530	2018-02-20 21:37:39.000000 +0530	2018-02-20 16:29:00.000000 +0530	871bd7ae8f67031a7260db2a34187557	Opening Balance		Starting Balance				n	50000/100	50000/100	1970-01-01 05:30:00.000000 +0530
B	8fe7972c7506546836e3fba4b688fbae	841e75d0907502f920f007ca109ff1b0	2018-02-20 22:00:34.000000 +0530	2018-02-20 21:37:39.000000 +0530	2018-02-20 16:29:00.000000 +0530	d5aa597be2da496c3e2628456b37dfe1	Visa		Starting Balance				n	-50000/100	-50000/100	1970-01-01 05:30:00.000000 +0530
===== END
===== START
C	8fe7972c7506546836e3fba4b688fbae	8bb49e4c7445b6d810b65a06ab99995e	2018-02-20 22:00:34.000000 +0530	2018-02-20 21:37:39.000000 +0530	2018-02-20 16:29:00.000000 +0530	871bd7ae8f67031a7260db2a34187557	Opening Balance		Starting Balance				n	50000/100	50000/100	1970-01-01 05:30:00.000000 +0530
C	8fe7972c7506546836e3fba4b688fbae	841e75d0907502f920f007ca109ff1b0	2018-02-20 22:00:34.000000 +0530	2018-02-20 21:37:39.000000 +0530	2018-02-20 16:29:00.000000 +0530	d5aa597be2da496c3e2628456b37dfe1	Visa		Starting Balance				n	-50000/100	-50000/100	1970-01-01 05:30:00.000000 +0530
===== END
===== START
B	4210b6472927d12e176b95b0b95a62b7	0417e6a64deaba23776fdec4fe724813	2018-02-20 22:00:34.000000 +0530	2018-02-20 21:35:33.000000 +0530	2018-02-20 16:29:00.000000 +0530	74da22df9801d010e86731d7d2d872a5	Savings		Starting Balance				n	100000/100	100000/100	1970-01-01 05:30:00.000000 +0530
B	4210b6472927d12e176b95b0b95a62b7	dd5c1586b13bed717aa383f93ce9bc17	2018-02-20 22:00:34.000000 +0530	2018-02-20 21:35:33.000000 +0530	2018-02-20 16:29:00.000000 +0530	871bd7ae8f67031a7260db2a34187557	Opening Balance		Starting Balance				n	-100000/100	-100000/100	1970-01-01 05:30:00.000000 +0530
===== END
===== START
C	4210b6472927d12e176b95b0b95a62b7	0417e6a64deaba23776fdec4fe724813	2018-02-20 22:00:34.000000 +0530	2018-02-20 21:35:33.000000 +0530	2018-02-20 16:29:00.000000 +0530	74da22df9801d010e86731d7d2d872a5	Savings		Starting Balance				n	100000/100	100000/100	1970-01-01 05:30:00.000000 +0530
C	4210b6472927d12e176b95b0b95a62b7	dd5c1586b13bed717aa383f93ce9bc17	2018-02-20 22:00:34.000000 +0530	2018-02-20 21:35:33.000000 +0530	2018-02-20 16:29:00.000000 +0530	871bd7ae8f67031a7260db2a34187557	Opening Balance		Starting Balance				n	-100000/100	-100000/100	1970-01-01 05:30:00.000000 +0530
===== END
===== START
B	8eea8dd985068fe4b002c6157588b65a	c9a6686ca249d5f7519f26dab0239d36	2018-02-20 22:00:34.000000 +0530	2018-02-20 21:36:16.000000 +0530	2018-02-20 16:29:00.000000 +0530	0da9996ada87c70320b8596383bf6fa1	Checking		Starting Balance				n	100000/100	100000/100	1970-01-01 05:30:00.000000 +0530
B	8eea8dd985068fe4b002c6157588b65a	217fc5be1fe44b57cd41061c8cbcc017	2018-02-20 22:00:34.000000 +0530	2018-02-20 21:36:16.000000 +0530	2018-02-20 16:29:00.000000 +0530	871bd7ae8f67031a7260db2a34187557	Opening Balance		Starting Balance				n	-100000/100	-100000/100	1970-01-01 05:30:00.000000 +0530
===== END
===== START
C	8eea8dd985068fe4b002c6157588b65a	c9a6686ca249d5f7519f26dab0239d36	2018-02-20 22:00:34.000000 +0530	2018-02-20 21:36:16.000000 +0530	2018-02-20 16:29:00.000000 +0530	0da9996ada87c70320b8596383bf6fa1	Checking		Starting Balance				n	100000/100	100000/100	1970-01-01 05:30:00.000000 +0530
C	8eea8dd985068fe4b002c6157588b65a	217fc5be1fe44b57cd41061c8cbcc017	2018-02-20 22:00:34.000000 +0530	2018-02-20 21:36:16.000000 +0530	2018-02-20 16:29:00.000000 +0530	871bd7ae8f67031a7260db2a34187557	Opening Balance		Starting Balance				n	-100000/100	-100000/100	1970-01-01 05:30:00.000000 +0530
===== END
===== START
B	8fe7972c7506546836e3fba4b688fbae	8bb49e4c7445b6d810b65a06ab99995e	2018-02-20 22:00:34.000000 +0530	2018-02-20 21:37:39.000000 +0530	2018-02-20 16:29:00.000000 +0530	871bd7ae8f67031a7260db2a34187557	Opening Balance		Starting Balance				n	50000/100	50000/100	1970-01-01 05:30:00.000000 +0530
B	8fe7972c7506546836e3fba4b688fbae	841e75d0907502f920f007ca109ff1b0	2018-02-20 22:00:34.000000 +0530	2018-02-20 21:37:39.000000 +0530	2018-02-20 16:29:00.000000 +0530	d5aa597be2da496c3e2628456b37dfe1	Visa		Starting Balance				n	-50000/100	-50000/100	1970-01-01 05:30:00.000000 +0530
===== END
===== START
C	8fe7972c7506546836e3fba4b688fbae	8bb49e4c7445b6d810b65a06ab99995e	2018-02-20 22:00:34.000000 +0530	2018-02-20 21:37:39.000000 +0530	2018-02-20 16:29:00.000000 +0530	871bd7ae8f67031a7260db2a34187557	Opening Balance		Starting Balance				n	50000/100	50000/100	1970-01-01 05:30:00.000000 +0530
C	8fe7972c7506546836e3fba4b688fbae	841e75d0907502f920f007ca109ff1b0	2018-02-20 22:00:34.000000 +0530	2018-02-20 21:37:39.000000 +0530	2018-02-20 16:29:00.000000 +0530	d5aa597be2da496c3e2628456b37dfe1	Visa		Starting Balance				n	-50000/100	-50000/100	1970-01-01 05:30:00.000000 +0530
===== END
===== START
B	f9403d785f2a02cc5544573ab3cf35c4	28414cff0374e3d709deedcf4621d99c	2018-02-20 22:00:34.000000 +0530	2018-02-20 21:55:44.000000 +0530	2018-02-20 16:29:00.000000 +0530	0da9996ada87c70320b8596383bf6fa1	Checking		Employee R US				n	100000/100	100000/100	1970-01-01 05:30:00.000000 +0530
B	f9403d785f2a02cc5544573ab3cf35c4	728b523eb81a094ec1f8ccfae0e9fb60	2018-02-20 22:00:34.000000 +0530	2018-02-20 21:55:44.000000 +0530	2018-02-20 16:29:00.000000 +0530	39c8f94ef2c073e6e1272c669aa75237	Salary		Employee R US				n	-100000/100	-100000/100	1970-01-01 05:30:00.000000 +0530
===== END
===== START
C	f9403d785f2a02cc5544573ab3cf35c4	28414cff0374e3d709deedcf4621d99c	2018-02-20 22:00:34.000000 +0530	2018-02-20 21:55:44.000000 +0530	2018-02-20 16:29:00.000000 +0530	0da9996ada87c70320b8596383bf6fa1	Checking		Employee R US				n	100000/100	100000/100	1970-01-01 05:30:00.000000 +0530
C	f9403d785f2a02cc5544573ab3cf35c4	728b523eb81a094ec1f8ccfae0e9fb60	2018-02-20 22:00:34.000000 +0530	2018-02-20 21:55:44.000000 +0530	2018-02-20 16:29:00.000000 +0530	39c8f94ef2c073e6e1272c669aa75237	Salary		Employee R US				n	-100000/100	-100000/100	1970-01-01 05:30:00.000000 +0530
===== END
===== START
B	c21a374a5f5e730203e6e47c0545eadc	83305ba4f125ba53233db852c3121a9f	2018-02-20 22:00:34.000000 +0530	2018-02-20 21:42:56.000000 +0530	2018-02-20 16:29:00.000000 +0530	0a5f547cb4236a314d46c1ef288ecdaf	Phone	103	Phone Company Name				n	4500/100	4500/100	1970-01-01 05:30:00.000000 +0530
B	c21a374a5f5e730203e6e47c0545eadc	df6b4294b783ac5a6c1d9139ce503d87	2018-02-20 22:00:34.000000 +0530	2018-02-20 21:42:56.000000 +0530	2018-02-20 16:29:00.000000 +0530	0da9996ada87c70320b8596383bf6fa1	Checking	103	Phone Company Name				n	-4500/100	-4500/100	1970-01-01 05:30:00.000000 +0530
===== END
===== START
C	c21a374a5f5e730203e6e47c0545eadc	83305ba4f125ba53233db852c3121a9f	2018-02-20 22:00:34.000000 +0530	2018-02-20 21:42:56.000000 +0530	2018-02-20 16:29:00.000000 +0530	0a5f547cb4236a314d46c1ef288ecdaf	Phone	103	Phone Company Name				n	4500/100	4500/100	1970-01-01 05:30:00.000000 +0530
C	c21a374a5f5e730203e6e47c0545eadc	df6b4294b783ac5a6c1d9139ce503d87	2018-02-20 22:00:34.000000 +0530	2018-02-20 21:42:56.000000 +0530	2018-02-20 16:29:00.000000 +0530	0da9996ada87c70320b8596383bf6fa1	Checking	103	Phone Company Name				n	-4500/100	-4500/100	1970-01-01 05:30:00.000000 +0530
===== END
===== START
B	bc9f545c1def76580aabe06f1dbae709	15e75e0d9041a07306d8145a1a9abfe3	2018-02-20 22:00:34.000000 +0530	2018-02-20 21:41:59.000000 +0530	2018-02-20 16:29:00.000000 +0530	e29af0e571f1ba90f3f159ee8578f38d	Electricity	102	Light Company				n	7800/100	7800/100	1970-01-01 05:30:00.000000 +0530
B	bc9f545c1def76580aabe06f1dbae709	27532ab8eb7804375dd303a0d2c1d1de	2018-02-20 22:00:34.000000 +0530	2018-02-20 21:41:59.000000 +0530	2018-02-20 16:29:00.000000 +0530	0da9996ada87c70320b8596383bf6fa1	Checking	102	Light Company				n	-7800/100	-7800/100	1970-01-01 05:30:00.000000 +0530
===== END
===== START
C	bc9f545c1def76580aabe06f1dbae709	15e75e0d9041a07306d8145a1a9abfe3	2018-02-20 22:00:34.000000 +0530	2018-02-20 21:41:59.000000 +0530	2018-02-20 16:29:00.000000 +0530	e29af0e571f1ba90f3f159ee8578f38d	Electricity	102	Light Company				n	7800/100	7800/100	1970-01-01 05:30:00.000000 +0530
C	bc9f545c1def76580aabe06f1dbae709	27532ab8eb7804375dd303a0d2c1d1de	2018-02-20 22:00:34.000000 +0530	2018-02-20 21:41:59.000000 +0530	2018-02-20 16:29:00.000000 +0530	0da9996ada87c70320b8596383bf6fa1	Checking	102	Light Company				n	-7800/100	-7800/100	1970-01-01 05:30:00.000000 +0530
===== END
===== START
B	83d3ff5f05682351e15447e08b39db38	2c174f74fbd2d816bc7d27591dc991b5	2018-02-20 22:00:34.000000 +0530	2018-02-20 21:50:50.000000 +0530	2018-02-20 16:29:00.000000 +0530	833cdad779e9eb335d9c236f631b0b09	Groceries		Grooceries				n	4521/100	4521/100	1970-01-01 05:30:00.000000 +0530
B	83d3ff5f05682351e15447e08b39db38	baf2469fc96ac2eab2f334471e1564aa	2018-02-20 22:00:34.000000 +0530	2018-02-20 21:50:50.000000 +0530	2018-02-20 16:29:00.000000 +0530	0da9996ada87c70320b8596383bf6fa1	Checking		Grooceries				n	-4521/100	-4521/100	1970-01-01 05:30:00.000000 +0530
===== END
===== START
C	83d3ff5f05682351e15447e08b39db38	2c174f74fbd2d816bc7d27591dc991b5	2018-02-20 22:00:34.000000 +0530	2018-02-20 21:50:50.000000 +0530	2018-02-20 16:29:00.000000 +0530	833cdad779e9eb335d9c236f631b0b09	Groceries		Grooceries				n	4521/100	4521/100	1970-01-01 05:30:00.000000 +0530
C	83d3ff5f05682351e15447e08b39db38	baf2469fc96ac2eab2f334471e1564aa	2018-02-20 22:00:34.000000 +0530	2018-02-20 21:50:50.000000 +0530	2018-02-20 16:29:00.000000 +0530	0da9996ada87c70320b8596383bf6fa1	Checking		Grooceries				n	-4521/100	-4521/100	1970-01-01 05:30:00.000000 +0530
===== END
===== START
B	2591cb1f8740527cfa61f10d58a0d397	fda4f9ddc22f84e1b9461bd4e3171c9e	2018-02-20 22:00:34.000000 +0530	2018-02-20 21:56:38.000000 +0530	2018-02-20 16:29:00.000000 +0530	283827e47dc1b518361fdae6e049561b	Maintenance		Internet				n	2000/100	2000/100	1970-01-01 05:30:00.000000 +0530
B	2591cb1f8740527cfa61f10d58a0d397	8aa273f9c84330fa6b501b6fab92f39f	2018-02-20 22:00:34.000000 +0530	2018-02-20 21:56:38.000000 +0530	2018-02-20 16:29:00.000000 +0530	0da9996ada87c70320b8596383bf6fa1	Checking		Internet				n	-2000/100	-2000/100	1970-01-01 05:30:00.000000 +0530
===== END
===== START
C	2591cb1f8740527cfa61f10d58a0d397	fda4f9ddc22f84e1b9461bd4e3171c9e	2018-02-20 22:00:34.000000 +0530	2018-02-20 21:56:38.000000 +0530	2018-02-20 16:29:00.000000 +0530	283827e47dc1b518361fdae6e049561b	Maintenance		Internet				n	2000/100	2000/100	1970-01-01 05:30:00.000000 +0530
C	2591cb1f8740527cfa61f10d58a0d397	8aa273f9c84330fa6b501b6fab92f39f	2018-02-20 22:00:34.000000 +0530	2018-02-20 21:56:38.000000 +0530	2018-02-20 16:29:00.000000 +0530	0da9996ada87c70320b8596383bf6fa1	Checking		Internet				n	-2000/100	-2000/100	1970-01-01 05:30:00.000000 +0530
===== END
===== START
B	1af5e89aa2df2a803b8715590afdacda	53820bb72d10d91919f94af749c69b48	2018-02-20 22:00:34.000000 +0530	2018-02-20 21:45:25.000000 +0530	2018-02-20 16:29:00.000000 +0530	c1633c079db1edebd14c70123c18f4de	Rent	104	Feb Rent				n	35000/100	35000/100	1970-01-01 05:30:00.000000 +0530
B	1af5e89aa2df2a803b8715590afdacda	460da19df46f8ce95e1b5788ffe0013e	2018-02-20 22:00:34.000000 +0530	2018-02-20 21:45:25.000000 +0530	2018-02-20 16:29:00.000000 +0530	0da9996ada87c70320b8596383bf6fa1	Checking	104	Feb Rent				n	-35000/100	-35000/100	1970-01-01 05:30:00.000000 +0530
===== END
===== START
C	1af5e89aa2df2a803b8715590afdacda	53820bb72d10d91919f94af749c69b48	2018-02-20 22:00:34.000000 +0530	2018-02-20 21:45:25.000000 +0530	2018-02-20 16:29:00.000000 +0530	c1633c079db1edebd14c70123c18f4de	Rent	104	Feb Rent				n	35000/100	35000/100	1970-01-01 05:30:00.000000 +0530
C	1af5e89aa2df2a803b8715590afdacda	460da19df46f8ce95e1b5788ffe0013e	2018-02-20 22:00:34.000000 +0530	2018-02-20 21:45:25.000000 +0530	2018-02-20 16:29:00.000000 +0530	0da9996ada87c70320b8596383bf6fa1	Checking	104	Feb Rent				n	-35000/100	-35000/100	1970-01-01 05:30:00.000000 +0530
===== END
===== START
B	f59515a8d014d00cca10e77431e03690	005a7926c821c2b9983f3074a03653d5	2018-02-20 22:00:34.000000 +0530	2018-02-20 21:46:40.000000 +0530	2018-03-20 16:29:00.000000 +0530	c1633c079db1edebd14c70123c18f4de	Rent	106	March Rent				n	35000/100	35000/100	1970-01-01 05:30:00.000000 +0530
B	f59515a8d014d00cca10e77431e03690	f1ed6454a7a678876a994b6e90785e04	2018-02-20 22:00:34.000000 +0530	2018-02-20 21:46:40.000000 +0530	2018-03-20 16:29:00.000000 +0530	0da9996ada87c70320b8596383bf6fa1	Checking	106	March Rent				n	-35000/100	-35000/100	1970-01-01 05:30:00.000000 +0530
===== END
===== START
C	f59515a8d014d00cca10e77431e03690	005a7926c821c2b9983f3074a03653d5	2018-02-20 22:00:34.000000 +0530	2018-02-20 21:46:40.000000 +0530	2018-03-20 16:29:00.000000 +0530	c1633c079db1edebd14c70123c18f4de	Rent	106	March Rent				n	35000/100	35000/100	1970-01-01 05:30:00.000000 +0530
C	f59515a8d014d00cca10e77431e03690	f1ed6454a7a678876a994b6e90785e04	2018-02-20 22:00:34.000000 +0530	2018-02-20 21:46:40.000000 +0530	2018-03-20 16:29:00.000000 +0530	0da9996ada87c70320b8596383bf6fa1	Checking	106	March Rent				n	-35000/100	-35000/100	1970-01-01 05:30:00.000000 +0530
===== END
===== START
===== END
===== START
D	41234d980ea79bc4be7f83c484a9e521	d38eed7113c798b84896c004b3279f7a	2018-02-20 22:02:15.000000 +0530	2018-02-20 22:02:15.000000 +0530	2018-02-20 16:29:00.000000 +0530								n	0/1	0/100	1970-01-01 05:30:00.000000 +0530
===== END
