mod	trans_guid	split_guid	time_now	date_entered	date_posted	acc_guid	acc_name	num	description	notes	memo	action	reconciled	amount	value	date_reconciled
-----------------
===== START
===== END
===== START
C	4210b6472927d12e176b95b0b95a62b7	0417e6a64deaba23776fdec4fe724813	2018-02-20 21:35:33.000000 +0530	2018-02-20 21:35:33.000000 +0530	2018-02-20 16:29:00.000000 +0530	74da22df9801d010e86731d7d2d872a5	Savings		Starting Balance				n	100000/100	100000/100	1970-01-01 05:30:00.000000 +0530
C	4210b6472927d12e176b95b0b95a62b7	dd5c1586b13bed717aa383f93ce9bc17	2018-02-20 21:35:33.000000 +0530	2018-02-20 21:35:33.000000 +0530	2018-02-20 16:29:00.000000 +0530	871bd7ae8f67031a7260db2a34187557	Opening Balance		Starting Balance				n	-100000/100	-100000/100	1970-01-01 05:30:00.000000 +0530
===== END
===== START
===== END
===== START
===== END
===== START
C	8eea8dd985068fe4b002c6157588b65a	c9a6686ca249d5f7519f26dab0239d36	2018-02-20 21:36:16.000000 +0530	2018-02-20 21:36:16.000000 +0530	2018-02-20 16:29:00.000000 +0530	0da9996ada87c70320b8596383bf6fa1	Checking		Starting Balance				n	0/100	0/100	1970-01-01 05:30:00.000000 +0530
===== END
===== START
===== END
===== START
B	8eea8dd985068fe4b002c6157588b65a	c9a6686ca249d5f7519f26dab0239d36	2018-02-20 21:36:23.000000 +0530	2018-02-20 21:36:16.000000 +0530	2018-02-20 16:29:00.000000 +0530	0da9996ada87c70320b8596383bf6fa1	Checking		Starting Balance				n	0/100	0/100	1970-01-01 05:30:00.000000 +0530
===== END
===== START
C	8eea8dd985068fe4b002c6157588b65a	c9a6686ca249d5f7519f26dab0239d36	2018-02-20 21:36:23.000000 +0530	2018-02-20 21:36:16.000000 +0530	2018-02-20 16:29:00.000000 +0530	0da9996ada87c70320b8596383bf6fa1	Checking		Starting Balance				n	100000/100	100000/100	1970-01-01 05:30:00.000000 +0530
C	8eea8dd985068fe4b002c6157588b65a	217fc5be1fe44b57cd41061c8cbcc017	2018-02-20 21:36:23.000000 +0530	2018-02-20 21:36:16.000000 +0530	2018-02-20 16:29:00.000000 +0530	871bd7ae8f67031a7260db2a34187557	Opening Balance		Starting Balance				n	-100000/100	-100000/100	1970-01-01 05:30:00.000000 +0530
===== END
