mod	trans_guid	split_guid	time_now	date_entered	date_posted	acc_guid	acc_name	num	description	notes	memo	action	reconciled	amount	value	date_reconciled
-----------------
===== START
C	c21a374a5f5e730203e6e47c0545eadc	df6b4294b783ac5a6c1d9139ce503d87	2018-02-20 21:42:56.000000 +0530	2018-02-20 21:42:56.000000 +0530	2018-01-29 16:29:00.000000 +0530	0da9996ada87c70320b8596383bf6fa1	Checking		Phone Company Name				n	-4500/100	-4500/100	1970-01-01 05:30:00.000000 +0530
C	c21a374a5f5e730203e6e47c0545eadc	83305ba4f125ba53233db852c3121a9f	2018-02-20 21:42:56.000000 +0530	2018-02-20 21:42:56.000000 +0530	2018-01-29 16:29:00.000000 +0530	0a5f547cb4236a314d46c1ef288ecdaf	Phone		Phone Company Name				n	4500/100	4500/100	1970-01-01 05:30:00.000000 +0530
===== END
===== START
===== END
===== START
B	bc9f545c1def76580aabe06f1dbae709	15e75e0d9041a07306d8145a1a9abfe3	2018-02-20 21:43:17.000000 +0530	2018-02-20 21:41:59.000000 +0530	2018-01-29 16:29:00.000000 +0530	e29af0e571f1ba90f3f159ee8578f38d	Electricity		Light Company				n	7800/100	7800/100	1970-01-01 05:30:00.000000 +0530
B	bc9f545c1def76580aabe06f1dbae709	27532ab8eb7804375dd303a0d2c1d1de	2018-02-20 21:43:17.000000 +0530	2018-02-20 21:41:59.000000 +0530	2018-01-29 16:29:00.000000 +0530	0da9996ada87c70320b8596383bf6fa1	Checking		Light Company				n	-7800/100	-7800/100	1970-01-01 05:30:00.000000 +0530
===== END
===== START
C	bc9f545c1def76580aabe06f1dbae709	15e75e0d9041a07306d8145a1a9abfe3	2018-02-20 21:43:17.000000 +0530	2018-02-20 21:41:59.000000 +0530	2018-02-20 16:29:00.000000 +0530	e29af0e571f1ba90f3f159ee8578f38d	Electricity		Light Company				n	7800/100	7800/100	1970-01-01 05:30:00.000000 +0530
C	bc9f545c1def76580aabe06f1dbae709	27532ab8eb7804375dd303a0d2c1d1de	2018-02-20 21:43:17.000000 +0530	2018-02-20 21:41:59.000000 +0530	2018-02-20 16:29:00.000000 +0530	0da9996ada87c70320b8596383bf6fa1	Checking		Light Company				n	-7800/100	-7800/100	1970-01-01 05:30:00.000000 +0530
===== END
===== START
B	c21a374a5f5e730203e6e47c0545eadc	83305ba4f125ba53233db852c3121a9f	2018-02-20 21:43:32.000000 +0530	2018-02-20 21:42:56.000000 +0530	2018-01-29 16:29:00.000000 +0530	0a5f547cb4236a314d46c1ef288ecdaf	Phone		Phone Company Name				n	4500/100	4500/100	1970-01-01 05:30:00.000000 +0530
B	c21a374a5f5e730203e6e47c0545eadc	df6b4294b783ac5a6c1d9139ce503d87	2018-02-20 21:43:32.000000 +0530	2018-02-20 21:42:56.000000 +0530	2018-01-29 16:29:00.000000 +0530	0da9996ada87c70320b8596383bf6fa1	Checking		Phone Company Name				n	-4500/100	-4500/100	1970-01-01 05:30:00.000000 +0530
===== END
===== START
C	c21a374a5f5e730203e6e47c0545eadc	83305ba4f125ba53233db852c3121a9f	2018-02-20 21:43:32.000000 +0530	2018-02-20 21:42:56.000000 +0530	2018-02-20 16:29:00.000000 +0530	0a5f547cb4236a314d46c1ef288ecdaf	Phone		Phone Company Name				n	4500/100	4500/100	1970-01-01 05:30:00.000000 +0530
C	c21a374a5f5e730203e6e47c0545eadc	df6b4294b783ac5a6c1d9139ce503d87	2018-02-20 21:43:32.000000 +0530	2018-02-20 21:42:56.000000 +0530	2018-02-20 16:29:00.000000 +0530	0da9996ada87c70320b8596383bf6fa1	Checking		Phone Company Name				n	-4500/100	-4500/100	1970-01-01 05:30:00.000000 +0530
===== END
===== START
===== END
===== START
B	bc9f545c1def76580aabe06f1dbae709	15e75e0d9041a07306d8145a1a9abfe3	2018-02-20 21:44:27.000000 +0530	2018-02-20 21:41:59.000000 +0530	2018-02-20 16:29:00.000000 +0530	e29af0e571f1ba90f3f159ee8578f38d	Electricity		Light Company				n	7800/100	7800/100	1970-01-01 05:30:00.000000 +0530
B	bc9f545c1def76580aabe06f1dbae709	27532ab8eb7804375dd303a0d2c1d1de	2018-02-20 21:44:27.000000 +0530	2018-02-20 21:41:59.000000 +0530	2018-02-20 16:29:00.000000 +0530	0da9996ada87c70320b8596383bf6fa1	Checking		Light Company				n	-7800/100	-7800/100	1970-01-01 05:30:00.000000 +0530
===== END
===== START
C	bc9f545c1def76580aabe06f1dbae709	15e75e0d9041a07306d8145a1a9abfe3	2018-02-20 21:44:27.000000 +0530	2018-02-20 21:41:59.000000 +0530	2018-02-20 16:29:00.000000 +0530	e29af0e571f1ba90f3f159ee8578f38d	Electricity	102	Light Company				n	7800/100	7800/100	1970-01-01 05:30:00.000000 +0530
C	bc9f545c1def76580aabe06f1dbae709	27532ab8eb7804375dd303a0d2c1d1de	2018-02-20 21:44:27.000000 +0530	2018-02-20 21:41:59.000000 +0530	2018-02-20 16:29:00.000000 +0530	0da9996ada87c70320b8596383bf6fa1	Checking	102	Light Company				n	-7800/100	-7800/100	1970-01-01 05:30:00.000000 +0530
===== END
===== START
B	c21a374a5f5e730203e6e47c0545eadc	83305ba4f125ba53233db852c3121a9f	2018-02-20 21:44:30.000000 +0530	2018-02-20 21:42:56.000000 +0530	2018-02-20 16:29:00.000000 +0530	0a5f547cb4236a314d46c1ef288ecdaf	Phone		Phone Company Name				n	4500/100	4500/100	1970-01-01 05:30:00.000000 +0530
B	c21a374a5f5e730203e6e47c0545eadc	df6b4294b783ac5a6c1d9139ce503d87	2018-02-20 21:44:30.000000 +0530	2018-02-20 21:42:56.000000 +0530	2018-02-20 16:29:00.000000 +0530	0da9996ada87c70320b8596383bf6fa1	Checking		Phone Company Name				n	-4500/100	-4500/100	1970-01-01 05:30:00.000000 +0530
===== END
===== START
C	c21a374a5f5e730203e6e47c0545eadc	83305ba4f125ba53233db852c3121a9f	2018-02-20 21:44:30.000000 +0530	2018-02-20 21:42:56.000000 +0530	2018-02-20 16:29:00.000000 +0530	0a5f547cb4236a314d46c1ef288ecdaf	Phone	103	Phone Company Name				n	4500/100	4500/100	1970-01-01 05:30:00.000000 +0530
C	c21a374a5f5e730203e6e47c0545eadc	df6b4294b783ac5a6c1d9139ce503d87	2018-02-20 21:44:30.000000 +0530	2018-02-20 21:42:56.000000 +0530	2018-02-20 16:29:00.000000 +0530	0da9996ada87c70320b8596383bf6fa1	Checking	103	Phone Company Name				n	-4500/100	-4500/100	1970-01-01 05:30:00.000000 +0530
===== END
===== START
C	1af5e89aa2df2a803b8715590afdacda	53820bb72d10d91919f94af749c69b48	2018-02-20 21:45:25.000000 +0530	2018-02-20 21:45:25.000000 +0530	2018-02-20 16:29:00.000000 +0530	c1633c079db1edebd14c70123c18f4de	Rent	104	Feb Rent				n	35000/100	35000/100	1970-01-01 05:30:00.000000 +0530
C	1af5e89aa2df2a803b8715590afdacda	460da19df46f8ce95e1b5788ffe0013e	2018-02-20 21:45:25.000000 +0530	2018-02-20 21:45:25.000000 +0530	2018-02-20 16:29:00.000000 +0530	0da9996ada87c70320b8596383bf6fa1	Checking	104	Feb Rent				n	-35000/100	-35000/100	1970-01-01 05:30:00.000000 +0530
===== END
===== START
===== END
