mod	trans_guid	split_guid	time_now	date_entered	date_posted	acc_guid	acc_name	num	description	notes	memo	action	reconciled	amount	value	date_reconciled
-----------------
===== START
D	17bb5d59ed1355a699cde69102cb690b	a740f681096969fe42c709220d9294cb	2018-02-20 21:52:17.000000 +0530	2018-02-20 21:52:17.000000 +0530	2018-02-20 16:29:00.000000 +0530								n	0/1	0/100	1970-01-01 05:30:00.000000 +0530
===== END
===== START
D	92c4bae6a06ce4f3070edb8618046d55	95198c4a2c9b4a64496940f21b2ee95f	2018-02-20 21:53:43.000000 +0530	2018-02-20 21:53:43.000000 +0530	2018-01-29 16:29:00.000000 +0530								n	0/1	0/100	1970-01-01 05:30:00.000000 +0530
===== END
===== START
D	35401d64eb17b5cefc562798b06edc70	9fb477c0876f7ae04bf1de13c503796d	2018-02-20 21:53:44.000000 +0530	2018-02-20 21:53:44.000000 +0530	2018-02-20 16:29:00.000000 +0530								n	0/1	0/100	1970-01-01 05:30:00.000000 +0530
===== END
===== START
D	af661733c04ffc8b5181a4e7f3d1859c	172d60d145385cae3433df21b1d7f830	2018-02-20 21:53:45.000000 +0530	2018-02-20 21:53:45.000000 +0530	2018-02-20 16:29:00.000000 +0530								n	0/1	0/100	1970-01-01 05:30:00.000000 +0530
===== END
===== START
D	48e87c47fc5cc691f64b5dc1c3161796	74399d625dd167f57a576e3f42977a1d	2018-02-20 21:53:46.000000 +0530	2018-02-20 21:53:46.000000 +0530	2018-02-20 16:29:00.000000 +0530								n	0/1	0/100	1970-01-01 05:30:00.000000 +0530
===== END
===== START
===== END
===== START
C	f9403d785f2a02cc5544573ab3cf35c4	28414cff0374e3d709deedcf4621d99c	2018-02-20 21:55:44.000000 +0530	2018-02-20 21:55:44.000000 +0530	2018-02-20 16:29:00.000000 +0530	0da9996ada87c70320b8596383bf6fa1	Checking		Employee R US				n	-100000/100	-100000/100	1970-01-01 05:30:00.000000 +0530
C	f9403d785f2a02cc5544573ab3cf35c4	728b523eb81a094ec1f8ccfae0e9fb60	2018-02-20 21:55:44.000000 +0530	2018-02-20 21:55:44.000000 +0530	2018-02-20 16:29:00.000000 +0530	39c8f94ef2c073e6e1272c669aa75237	Salary		Employee R US				n	100000/100	100000/100	1970-01-01 05:30:00.000000 +0530
===== END
===== START
===== END
===== START
B	f9403d785f2a02cc5544573ab3cf35c4	728b523eb81a094ec1f8ccfae0e9fb60	2018-02-20 21:55:58.000000 +0530	2018-02-20 21:55:44.000000 +0530	2018-02-20 16:29:00.000000 +0530	39c8f94ef2c073e6e1272c669aa75237	Salary		Employee R US				n	100000/100	100000/100	1970-01-01 05:30:00.000000 +0530
B	f9403d785f2a02cc5544573ab3cf35c4	28414cff0374e3d709deedcf4621d99c	2018-02-20 21:55:58.000000 +0530	2018-02-20 21:55:44.000000 +0530	2018-02-20 16:29:00.000000 +0530	0da9996ada87c70320b8596383bf6fa1	Checking		Employee R US				n	-100000/100	-100000/100	1970-01-01 05:30:00.000000 +0530
===== END
===== START
C	f9403d785f2a02cc5544573ab3cf35c4	728b523eb81a094ec1f8ccfae0e9fb60	2018-02-20 21:55:58.000000 +0530	2018-02-20 21:55:44.000000 +0530	2018-02-20 16:29:00.000000 +0530	39c8f94ef2c073e6e1272c669aa75237	Salary		Employee R US				n	-100000/100	-100000/100	1970-01-01 05:30:00.000000 +0530
C	f9403d785f2a02cc5544573ab3cf35c4	28414cff0374e3d709deedcf4621d99c	2018-02-20 21:55:58.000000 +0530	2018-02-20 21:55:44.000000 +0530	2018-02-20 16:29:00.000000 +0530	0da9996ada87c70320b8596383bf6fa1	Checking		Employee R US				n	100000/100	100000/100	1970-01-01 05:30:00.000000 +0530
===== END
===== START
B	83d3ff5f05682351e15447e08b39db38	2c174f74fbd2d816bc7d27591dc991b5	2018-02-20 21:56:18.000000 +0530	2018-02-20 21:50:50.000000 +0530	2018-02-20 16:29:00.000000 +0530	833cdad779e9eb335d9c236f631b0b09	Groceries						n	4521/100	4521/100	1970-01-01 05:30:00.000000 +0530
B	83d3ff5f05682351e15447e08b39db38	baf2469fc96ac2eab2f334471e1564aa	2018-02-20 21:56:18.000000 +0530	2018-02-20 21:50:50.000000 +0530	2018-02-20 16:29:00.000000 +0530	0da9996ada87c70320b8596383bf6fa1	Checking						n	-4521/100	-4521/100	1970-01-01 05:30:00.000000 +0530
===== END
===== START
C	83d3ff5f05682351e15447e08b39db38	2c174f74fbd2d816bc7d27591dc991b5	2018-02-20 21:56:18.000000 +0530	2018-02-20 21:50:50.000000 +0530	2018-02-20 16:29:00.000000 +0530	833cdad779e9eb335d9c236f631b0b09	Groceries		Grooceries				n	4521/100	4521/100	1970-01-01 05:30:00.000000 +0530
C	83d3ff5f05682351e15447e08b39db38	baf2469fc96ac2eab2f334471e1564aa	2018-02-20 21:56:18.000000 +0530	2018-02-20 21:50:50.000000 +0530	2018-02-20 16:29:00.000000 +0530	0da9996ada87c70320b8596383bf6fa1	Checking		Grooceries				n	-4521/100	-4521/100	1970-01-01 05:30:00.000000 +0530
===== END
===== START
C	2591cb1f8740527cfa61f10d58a0d397	8aa273f9c84330fa6b501b6fab92f39f	2018-02-20 21:56:38.000000 +0530	2018-02-20 21:56:38.000000 +0530	2018-02-20 16:29:00.000000 +0530	0da9996ada87c70320b8596383bf6fa1	Checking		Internet				n	-2000/100	-2000/100	1970-01-01 05:30:00.000000 +0530
C	2591cb1f8740527cfa61f10d58a0d397	fda4f9ddc22f84e1b9461bd4e3171c9e	2018-02-20 21:56:38.000000 +0530	2018-02-20 21:56:38.000000 +0530	2018-02-20 16:29:00.000000 +0530	283827e47dc1b518361fdae6e049561b	Maintenance		Internet				n	2000/100	2000/100	1970-01-01 05:30:00.000000 +0530
===== END
===== START
===== END
