mod	trans_guid	split_guid	time_now	date_entered	date_posted	acc_guid	acc_name	num	description	notes	memo	action	reconciled	amount	value	date_reconciled
-----------------
===== START
===== END
===== START
C	f59515a8d014d00cca10e77431e03690	005a7926c821c2b9983f3074a03653d5	2018-02-20 21:46:40.000000 +0530	2018-02-20 21:46:40.000000 +0530	2018-03-20 16:29:00.000000 +0530	c1633c079db1edebd14c70123c18f4de	Rent	106	Feb Rent				n	35000/100	35000/100	1970-01-01 05:30:00.000000 +0530
C	f59515a8d014d00cca10e77431e03690	f1ed6454a7a678876a994b6e90785e04	2018-02-20 21:46:40.000000 +0530	2018-02-20 21:46:40.000000 +0530	2018-03-20 16:29:00.000000 +0530	0da9996ada87c70320b8596383bf6fa1	Checking	106	Feb Rent				n	-35000/100	-35000/100	1970-01-01 05:30:00.000000 +0530
===== END
===== START
===== END
===== START
C	88af320e1bcfc9e64be3c1f4a27baef3	c27f1ea474bf1233a3909b4df88afaec	2018-02-20 21:47:53.000000 +0530	2018-02-20 21:47:53.000000 +0530	2018-02-20 16:29:00.000000 +0530	2f1bd9366f5afae82a4e627bb5cacf51	ef2aaa20cb30430bbb9b2dfcb8be244d	106	Feb Rent				n	0/1	0/100	1970-01-01 05:30:00.000000 +0530
C	88af320e1bcfc9e64be3c1f4a27baef3	b4ffe61f539330aeb61a7c69c2f324f1	2018-02-20 21:47:53.000000 +0530	2018-02-20 21:47:53.000000 +0530	2018-02-20 16:29:00.000000 +0530	2f1bd9366f5afae82a4e627bb5cacf51	ef2aaa20cb30430bbb9b2dfcb8be244d	106	Feb Rent				n	0/1	0/100	1970-01-01 05:30:00.000000 +0530
===== END
===== START
B	f59515a8d014d00cca10e77431e03690	005a7926c821c2b9983f3074a03653d5	2018-02-20 21:48:03.000000 +0530	2018-02-20 21:46:40.000000 +0530	2018-03-20 16:29:00.000000 +0530	c1633c079db1edebd14c70123c18f4de	Rent	106	Feb Rent				n	35000/100	35000/100	1970-01-01 05:30:00.000000 +0530
B	f59515a8d014d00cca10e77431e03690	f1ed6454a7a678876a994b6e90785e04	2018-02-20 21:48:03.000000 +0530	2018-02-20 21:46:40.000000 +0530	2018-03-20 16:29:00.000000 +0530	0da9996ada87c70320b8596383bf6fa1	Checking	106	Feb Rent				n	-35000/100	-35000/100	1970-01-01 05:30:00.000000 +0530
===== END
===== START
C	f59515a8d014d00cca10e77431e03690	005a7926c821c2b9983f3074a03653d5	2018-02-20 21:48:03.000000 +0530	2018-02-20 21:46:40.000000 +0530	2018-03-20 16:29:00.000000 +0530	c1633c079db1edebd14c70123c18f4de	Rent	106	March Rent				n	35000/100	35000/100	1970-01-01 05:30:00.000000 +0530
C	f59515a8d014d00cca10e77431e03690	f1ed6454a7a678876a994b6e90785e04	2018-02-20 21:48:03.000000 +0530	2018-02-20 21:46:40.000000 +0530	2018-03-20 16:29:00.000000 +0530	0da9996ada87c70320b8596383bf6fa1	Checking	106	March Rent				n	-35000/100	-35000/100	1970-01-01 05:30:00.000000 +0530
===== END
