mod	trans_guid	split_guid	time_now	date_entered	date_posted	acc_guid	acc_name	num	description	notes	memo	action	reconciled	amount	value	date_reconciled
-----------------
===== START
B	88af320e1bcfc9e64be3c1f4a27baef3	c27f1ea474bf1233a3909b4df88afaec	2018-08-15 20:58:50.000000 +0530	2018-02-20 21:47:53.000000 +0530	2018-02-20 16:29:00.000000 +0530	2f1bd9366f5afae82a4e627bb5cacf51	ef2aaa20cb30430bbb9b2dfcb8be244d	106	Feb Rent				n	0/1	0/100	1970-01-01 05:30:00.000000 +0530
B	88af320e1bcfc9e64be3c1f4a27baef3	b4ffe61f539330aeb61a7c69c2f324f1	2018-08-15 20:58:50.000000 +0530	2018-02-20 21:47:53.000000 +0530	2018-02-20 16:29:00.000000 +0530	2f1bd9366f5afae82a4e627bb5cacf51	ef2aaa20cb30430bbb9b2dfcb8be244d	106	Feb Rent				n	0/1	0/100	1970-01-01 05:30:00.000000 +0530
===== END
===== START
C	88af320e1bcfc9e64be3c1f4a27baef3	c27f1ea474bf1233a3909b4df88afaec	2018-08-15 20:58:50.000000 +0530	2018-02-20 21:47:53.000000 +0530	2018-02-20 16:29:00.000000 +0530	2f1bd9366f5afae82a4e627bb5cacf51	ef2aaa20cb30430bbb9b2dfcb8be244d	106	Feb Rent				n	0/1	0/100	1970-01-01 05:30:00.000000 +0530
C	88af320e1bcfc9e64be3c1f4a27baef3	b4ffe61f539330aeb61a7c69c2f324f1	2018-08-15 20:58:50.000000 +0530	2018-02-20 21:47:53.000000 +0530	2018-02-20 16:29:00.000000 +0530	2f1bd9366f5afae82a4e627bb5cacf51	ef2aaa20cb30430bbb9b2dfcb8be244d	106	Feb Rent				n	0/1	0/100	1970-01-01 05:30:00.000000 +0530
===== END
===== START
B	88af320e1bcfc9e64be3c1f4a27baef3	c27f1ea474bf1233a3909b4df88afaec	2018-08-15 20:58:50.000000 +0530	2018-02-20 21:47:53.000000 +0530	2018-02-20 16:29:00.000000 +0530	2f1bd9366f5afae82a4e627bb5cacf51	ef2aaa20cb30430bbb9b2dfcb8be244d	106	Feb Rent				n	0/1	0/100	1970-01-01 05:30:00.000000 +0530
B	88af320e1bcfc9e64be3c1f4a27baef3	b4ffe61f539330aeb61a7c69c2f324f1	2018-08-15 20:58:50.000000 +0530	2018-02-20 21:47:53.000000 +0530	2018-02-20 16:29:00.000000 +0530	2f1bd9366f5afae82a4e627bb5cacf51	ef2aaa20cb30430bbb9b2dfcb8be244d	106	Feb Rent				n	0/1	0/100	1970-01-01 05:30:00.000000 +0530
===== END
===== START
C	88af320e1bcfc9e64be3c1f4a27baef3	c27f1ea474bf1233a3909b4df88afaec	2018-08-15 20:58:50.000000 +0530	2018-02-20 21:47:53.000000 +0530	2018-02-20 16:29:00.000000 +0530	2f1bd9366f5afae82a4e627bb5cacf51	ef2aaa20cb30430bbb9b2dfcb8be244d	106	Feb Rent				n	0/1	0/100	1970-01-01 05:30:00.000000 +0530
C	88af320e1bcfc9e64be3c1f4a27baef3	b4ffe61f539330aeb61a7c69c2f324f1	2018-08-15 20:58:50.000000 +0530	2018-02-20 21:47:53.000000 +0530	2018-02-20 16:29:00.000000 +0530	2f1bd9366f5afae82a4e627bb5cacf51	ef2aaa20cb30430bbb9b2dfcb8be244d	106	Feb Rent				n	0/1	0/100	1970-01-01 05:30:00.000000 +0530
===== END
===== START
===== END
===== START
C	da751e82ad8e430aaabe9fb1fe768677	9602f8d2d2ac40e6b9b1227a1025ab89	2018-08-15 20:58:58.000000 +0530	2018-02-20 21:47:53.000000 +0530	2018-02-20 16:29:00.000000 +0530	2f1bd9366f5afae82a4e627bb5cacf51	ef2aaa20cb30430bbb9b2dfcb8be244d	106	Feb Rent				n	0/1	0/100	1970-01-01 05:30:00.000000 +0530
C	da751e82ad8e430aaabe9fb1fe768677	5bb542073e2a476fa30867b00a084c1a	2018-08-15 20:58:58.000000 +0530	2018-02-20 21:47:53.000000 +0530	2018-02-20 16:29:00.000000 +0530	2f1bd9366f5afae82a4e627bb5cacf51	ef2aaa20cb30430bbb9b2dfcb8be244d	106	Feb Rent				n	0/1	0/100	1970-01-01 05:30:00.000000 +0530
===== END
===== START
B	da751e82ad8e430aaabe9fb1fe768677	9602f8d2d2ac40e6b9b1227a1025ab89	2018-08-15 20:58:58.000000 +0530	2018-02-20 21:47:53.000000 +0530	2018-02-20 16:29:00.000000 +0530	2f1bd9366f5afae82a4e627bb5cacf51	ef2aaa20cb30430bbb9b2dfcb8be244d	106	Feb Rent				n	0/1	0/100	1970-01-01 05:30:00.000000 +0530
B	da751e82ad8e430aaabe9fb1fe768677	5bb542073e2a476fa30867b00a084c1a	2018-08-15 20:58:58.000000 +0530	2018-02-20 21:47:53.000000 +0530	2018-02-20 16:29:00.000000 +0530	2f1bd9366f5afae82a4e627bb5cacf51	ef2aaa20cb30430bbb9b2dfcb8be244d	106	Feb Rent				n	0/1	0/100	1970-01-01 05:30:00.000000 +0530
===== END
===== START
C	da751e82ad8e430aaabe9fb1fe768677	9602f8d2d2ac40e6b9b1227a1025ab89	2018-08-15 20:58:58.000000 +0530	2018-02-20 21:47:53.000000 +0530	2018-04-20 16:29:00.000000 +0530	c1633c079db1edebd14c70123c18f4de	Rent	106	Feb Rent				n	35000/100	35000/100	1970-01-01 05:30:00.000000 +0530
C	da751e82ad8e430aaabe9fb1fe768677	5bb542073e2a476fa30867b00a084c1a	2018-08-15 20:58:58.000000 +0530	2018-02-20 21:47:53.000000 +0530	2018-04-20 16:29:00.000000 +0530	0da9996ada87c70320b8596383bf6fa1	Checking	106	Feb Rent				n	-35000/100	-35000/100	1970-01-01 05:30:00.000000 +0530
===== END
===== START
===== END
===== START
C	9435aa6d104a4a4e8361488247461663	fe998a27caf5415f93b5d9e92b73c3e6	2018-08-15 20:58:58.000000 +0530	2018-02-20 21:47:53.000000 +0530	2018-02-20 16:29:00.000000 +0530	2f1bd9366f5afae82a4e627bb5cacf51	ef2aaa20cb30430bbb9b2dfcb8be244d	106	Feb Rent				n	0/1	0/100	1970-01-01 05:30:00.000000 +0530
C	9435aa6d104a4a4e8361488247461663	7434f450b9c24dd7aa0967218ee5d473	2018-08-15 20:58:58.000000 +0530	2018-02-20 21:47:53.000000 +0530	2018-02-20 16:29:00.000000 +0530	2f1bd9366f5afae82a4e627bb5cacf51	ef2aaa20cb30430bbb9b2dfcb8be244d	106	Feb Rent				n	0/1	0/100	1970-01-01 05:30:00.000000 +0530
===== END
===== START
B	9435aa6d104a4a4e8361488247461663	fe998a27caf5415f93b5d9e92b73c3e6	2018-08-15 20:58:58.000000 +0530	2018-02-20 21:47:53.000000 +0530	2018-02-20 16:29:00.000000 +0530	2f1bd9366f5afae82a4e627bb5cacf51	ef2aaa20cb30430bbb9b2dfcb8be244d	106	Feb Rent				n	0/1	0/100	1970-01-01 05:30:00.000000 +0530
B	9435aa6d104a4a4e8361488247461663	7434f450b9c24dd7aa0967218ee5d473	2018-08-15 20:58:58.000000 +0530	2018-02-20 21:47:53.000000 +0530	2018-02-20 16:29:00.000000 +0530	2f1bd9366f5afae82a4e627bb5cacf51	ef2aaa20cb30430bbb9b2dfcb8be244d	106	Feb Rent				n	0/1	0/100	1970-01-01 05:30:00.000000 +0530
===== END
===== START
C	9435aa6d104a4a4e8361488247461663	fe998a27caf5415f93b5d9e92b73c3e6	2018-08-15 20:58:58.000000 +0530	2018-02-20 21:47:53.000000 +0530	2018-05-20 16:29:00.000000 +0530	c1633c079db1edebd14c70123c18f4de	Rent	106	Feb Rent				n	35000/100	35000/100	1970-01-01 05:30:00.000000 +0530
C	9435aa6d104a4a4e8361488247461663	7434f450b9c24dd7aa0967218ee5d473	2018-08-15 20:58:58.000000 +0530	2018-02-20 21:47:53.000000 +0530	2018-05-20 16:29:00.000000 +0530	0da9996ada87c70320b8596383bf6fa1	Checking	106	Feb Rent				n	-35000/100	-35000/100	1970-01-01 05:30:00.000000 +0530
===== END
===== START
===== END
===== START
C	ee0340f8a6794f268e479cef60e706ab	4a9357e200154c5aa042e7d4326a0ed0	2018-08-15 20:58:58.000000 +0530	2018-02-20 21:47:53.000000 +0530	2018-02-20 16:29:00.000000 +0530	2f1bd9366f5afae82a4e627bb5cacf51	ef2aaa20cb30430bbb9b2dfcb8be244d	106	Feb Rent				n	0/1	0/100	1970-01-01 05:30:00.000000 +0530
C	ee0340f8a6794f268e479cef60e706ab	de34ba8260ae452699738451271400b4	2018-08-15 20:58:58.000000 +0530	2018-02-20 21:47:53.000000 +0530	2018-02-20 16:29:00.000000 +0530	2f1bd9366f5afae82a4e627bb5cacf51	ef2aaa20cb30430bbb9b2dfcb8be244d	106	Feb Rent				n	0/1	0/100	1970-01-01 05:30:00.000000 +0530
===== END
===== START
B	ee0340f8a6794f268e479cef60e706ab	4a9357e200154c5aa042e7d4326a0ed0	2018-08-15 20:58:58.000000 +0530	2018-02-20 21:47:53.000000 +0530	2018-02-20 16:29:00.000000 +0530	2f1bd9366f5afae82a4e627bb5cacf51	ef2aaa20cb30430bbb9b2dfcb8be244d	106	Feb Rent				n	0/1	0/100	1970-01-01 05:30:00.000000 +0530
B	ee0340f8a6794f268e479cef60e706ab	de34ba8260ae452699738451271400b4	2018-08-15 20:58:58.000000 +0530	2018-02-20 21:47:53.000000 +0530	2018-02-20 16:29:00.000000 +0530	2f1bd9366f5afae82a4e627bb5cacf51	ef2aaa20cb30430bbb9b2dfcb8be244d	106	Feb Rent				n	0/1	0/100	1970-01-01 05:30:00.000000 +0530
===== END
===== START
C	ee0340f8a6794f268e479cef60e706ab	4a9357e200154c5aa042e7d4326a0ed0	2018-08-15 20:58:58.000000 +0530	2018-02-20 21:47:53.000000 +0530	2018-06-20 16:29:00.000000 +0530	c1633c079db1edebd14c70123c18f4de	Rent	106	Feb Rent				n	35000/100	35000/100	1970-01-01 05:30:00.000000 +0530
C	ee0340f8a6794f268e479cef60e706ab	de34ba8260ae452699738451271400b4	2018-08-15 20:58:58.000000 +0530	2018-02-20 21:47:53.000000 +0530	2018-06-20 16:29:00.000000 +0530	0da9996ada87c70320b8596383bf6fa1	Checking	106	Feb Rent				n	-35000/100	-35000/100	1970-01-01 05:30:00.000000 +0530
===== END
===== START
===== END
===== START
C	a1ea614ebd1840729e7ba5b534f5a644	5b1f778aaf60410da8b57c5dee68ffaa	2018-08-15 20:58:58.000000 +0530	2018-02-20 21:47:53.000000 +0530	2018-02-20 16:29:00.000000 +0530	2f1bd9366f5afae82a4e627bb5cacf51	ef2aaa20cb30430bbb9b2dfcb8be244d	106	Feb Rent				n	0/1	0/100	1970-01-01 05:30:00.000000 +0530
C	a1ea614ebd1840729e7ba5b534f5a644	0e15c235eb714de1955acae4e61ca382	2018-08-15 20:58:58.000000 +0530	2018-02-20 21:47:53.000000 +0530	2018-02-20 16:29:00.000000 +0530	2f1bd9366f5afae82a4e627bb5cacf51	ef2aaa20cb30430bbb9b2dfcb8be244d	106	Feb Rent				n	0/1	0/100	1970-01-01 05:30:00.000000 +0530
===== END
===== START
B	a1ea614ebd1840729e7ba5b534f5a644	5b1f778aaf60410da8b57c5dee68ffaa	2018-08-15 20:58:58.000000 +0530	2018-02-20 21:47:53.000000 +0530	2018-02-20 16:29:00.000000 +0530	2f1bd9366f5afae82a4e627bb5cacf51	ef2aaa20cb30430bbb9b2dfcb8be244d	106	Feb Rent				n	0/1	0/100	1970-01-01 05:30:00.000000 +0530
B	a1ea614ebd1840729e7ba5b534f5a644	0e15c235eb714de1955acae4e61ca382	2018-08-15 20:58:58.000000 +0530	2018-02-20 21:47:53.000000 +0530	2018-02-20 16:29:00.000000 +0530	2f1bd9366f5afae82a4e627bb5cacf51	ef2aaa20cb30430bbb9b2dfcb8be244d	106	Feb Rent				n	0/1	0/100	1970-01-01 05:30:00.000000 +0530
===== END
===== START
C	a1ea614ebd1840729e7ba5b534f5a644	5b1f778aaf60410da8b57c5dee68ffaa	2018-08-15 20:58:58.000000 +0530	2018-02-20 21:47:53.000000 +0530	2018-07-20 16:29:00.000000 +0530	c1633c079db1edebd14c70123c18f4de	Rent	106	Feb Rent				n	35000/100	35000/100	1970-01-01 05:30:00.000000 +0530
C	a1ea614ebd1840729e7ba5b534f5a644	0e15c235eb714de1955acae4e61ca382	2018-08-15 20:58:58.000000 +0530	2018-02-20 21:47:53.000000 +0530	2018-07-20 16:29:00.000000 +0530	0da9996ada87c70320b8596383bf6fa1	Checking	106	Feb Rent				n	-35000/100	-35000/100	1970-01-01 05:30:00.000000 +0530
===== END
===== START
===== END
===== START
D	15010ec14e7c4142b8ee6ed8ebc30d33	cd56d94eee2248658d7cb545a93d0f8c	2018-08-15 20:59:14.000000 +0530	2018-08-15 20:59:14.000000 +0530	2018-08-15 16:29:00.000000 +0530								n	0/1	0/100	1970-01-01 05:30:00.000000 +0530
===== END
